Sun Nov 12 2017 16:36:24 GMT+0900 (KST): GET /
Sun Nov 12 2017 16:36:47 GMT+0900 (KST): GET /
Sun Nov 12 2017 16:36:48 GMT+0900 (KST): GET /
Sun Nov 12 2017 16:36:48 GMT+0900 (KST): GET /
Sun Nov 12 2017 16:41:31 GMT+0900 (KST): GET /
Sun Nov 12 2017 16:42:35 GMT+0900 (KST): GET /
Sun Nov 12 2017 16:43:49 GMT+0900 (KST): GET /
Sun Nov 12 2017 16:44:25 GMT+0900 (KST): GET /about
Sun Nov 12 2017 16:45:11 GMT+0900 (KST): GET /about
Sun Nov 12 2017 16:45:11 GMT+0900 (KST): GET /about
Sun Nov 12 2017 16:45:12 GMT+0900 (KST): GET /about
Sun Nov 12 2017 16:45:15 GMT+0900 (KST): GET /help.html
Sun Nov 12 2017 16:47:48 GMT+0900 (KST): GET /help.html
Sun Nov 12 2017 16:47:48 GMT+0900 (KST): GET /help.html
Sun Nov 12 2017 16:47:48 GMT+0900 (KST): GET /help.html
Sun Nov 12 2017 16:47:49 GMT+0900 (KST): GET /help.html
Sun Nov 12 2017 16:47:49 GMT+0900 (KST): GET /help.html
Sun Nov 12 2017 16:47:49 GMT+0900 (KST): GET /help.html
Sun Nov 12 2017 16:47:49 GMT+0900 (KST): GET /help.html
Sun Nov 12 2017 18:49:49 GMT+0900 (KST): GET /
Sun Nov 12 2017 18:50:28 GMT+0900 (KST): GET /
Sun Nov 12 2017 18:50:29 GMT+0900 (KST): GET /
Sun Nov 12 2017 18:50:29 GMT+0900 (KST): GET /
Sun Nov 12 2017 18:50:29 GMT+0900 (KST): GET /
Sun Nov 12 2017 18:50:29 GMT+0900 (KST): GET /
Sun Nov 12 2017 18:50:30 GMT+0900 (KST): GET /
Sun Nov 12 2017 18:50:30 GMT+0900 (KST): GET /
Sun Nov 12 2017 18:50:30 GMT+0900 (KST): GET /
Sun Nov 12 2017 18:50:37 GMT+0900 (KST): GET /
Sun Nov 12 2017 18:50:39 GMT+0900 (KST): GET /project
Sun Nov 12 2017 18:50:40 GMT+0900 (KST): GET /about
Sun Nov 12 2017 18:50:40 GMT+0900 (KST): GET /
Sun Nov 12 2017 18:50:41 GMT+0900 (KST): GET /about
Sun Nov 12 2017 18:50:41 GMT+0900 (KST): GET /about
Sun Nov 12 2017 18:50:42 GMT+0900 (KST): GET /project
Sun Nov 12 2017 18:50:43 GMT+0900 (KST): GET /about
Sun Nov 12 2017 18:50:43 GMT+0900 (KST): GET /
Sun Nov 12 2017 18:51:20 GMT+0900 (KST): GET /
Sun Nov 12 2017 18:51:20 GMT+0900 (KST): GET /
Sun Nov 12 2017 18:51:40 GMT+0900 (KST): GET /
Hi Sun Nov 12 2017 18:52:34 GMT+0900 (KST): GET /
Hi Sun Nov 12 2017 18:52:35 GMT+0900 (KST): GET /
Sun Nov 12 2017 18:52:57 GMT+0900 (KST): GET /
Sun Nov 12 2017 18:52:58 GMT+0900 (KST): GET /
Sun Nov 12 2017 18:52:59 GMT+0900 (KST): GET /
Sun Nov 12 2017 18:52:59 GMT+0900 (KST): GET /
Sun Nov 12 2017 18:53:17 GMT+0900 (KST): GET /
